<?xml version="1.0" encoding="utf-8"?><testsuites name="pytest tests"><testsuite name="pytest" errors="0" failures="0" skipped="0" tests="17" time="37.914" timestamp="2026-07-19T10:58:45.421009+00:00" hostname="agent-env-76153277-d6eb-4484-b583-9efb86b7a53e"><testcase classname="tests.backend_test.TestAuth" name="test_me_without_token_returns_401" time="0.124" /><testcase classname="tests.backend_test.TestDetection" name="test_detect_frame_no_persist" time="9.489" /><testcase classname="tests.backend_test.TestAuth" name="test_session_with_invalid_session_id_returns_401" time="0.795" /><testcase classname="tests.backend_test.TestAuth" name="test_session_missing_body_returns_400" time="0.092" /><testcase classname="tests.backend_test.TestAuth" name="test_me_with_bearer_token" time="0.141" /><testcase classname="tests.backend_test.TestAuth" name="test_protected_endpoints_require_auth" time="0.465" /><testcase classname="tests.backend_test.TestHealth" name="test_root" time="0.094" /><testcase classname="tests.backend_test.TestHistory" name="test_placeholder_moved_to_TestDetection" time="0.000" /><testcase classname="tests.backend_test.TestLogout" name="test_logout_deletes_session" time="0.243" /><testcase classname="tests.backend_test.TestDetection" name="test_detect_frame_with_persist" time="8.621" /><testcase classname="tests.backend_test.TestDetection" name="test_detect_video" time="10.731" /><testcase classname="tests.backend_test.TestDetection" name="test_detect_video_empty_frames_returns_400" time="0.127" /><testcase classname="tests.backend_test.TestDetection" name="test_detect_audio" time="7.647" /><testcase classname="tests.backend_test.TestDetection" name="test_list_detections" time="0.121" /><testcase classname="tests.backend_test.TestDetection" name="test_get_detection_detail_includes_thumbnail" time="0.094" /><testcase classname="tests.backend_test.TestDetection" name="test_get_detection_not_found" time="0.089" /><testcase classname="tests.backend_test.TestDetection" name="test_analytics_summary" time="0.090" /></testsuite></testsuites>