<?xml version="1.0" encoding="utf-8"?><testsuites name="pytest tests"><testsuite name="pytest" errors="0" failures="0" skipped="0" tests="17" time="35.683" timestamp="2026-07-19T09:27:15.964948+00:00" hostname="agent-env-76153277-d6eb-4484-b583-9efb86b7a53e"><testcase classname="tests.backend_test.TestAuth" name="test_me_without_token_returns_401" time="0.253" /><testcase classname="tests.backend_test.TestDetection" name="test_detect_frame_no_persist" time="8.193" /><testcase classname="tests.backend_test.TestAuth" name="test_session_with_invalid_session_id_returns_401" time="0.570" /><testcase classname="tests.backend_test.TestAuth" name="test_session_missing_body_returns_400" time="0.082" /><testcase classname="tests.backend_test.TestAuth" name="test_me_with_bearer_token" time="0.080" /><testcase classname="tests.backend_test.TestAuth" name="test_protected_endpoints_require_auth" time="0.364" /><testcase classname="tests.backend_test.TestHealth" name="test_root" time="0.075" /><testcase classname="tests.backend_test.TestHistory" name="test_placeholder_moved_to_TestDetection" time="0.000" /><testcase classname="tests.backend_test.TestLogout" name="test_logout_deletes_session" time="0.262" /><testcase classname="tests.backend_test.TestDetection" name="test_detect_frame_with_persist" time="7.941" /><testcase classname="tests.backend_test.TestDetection" name="test_detect_video" time="10.936" /><testcase classname="tests.backend_test.TestDetection" name="test_detect_video_empty_frames_returns_400" time="0.106" /><testcase classname="tests.backend_test.TestDetection" name="test_detect_audio" time="7.110" /><testcase classname="tests.backend_test.TestDetection" name="test_list_detections" time="0.225" /><testcase classname="tests.backend_test.TestDetection" name="test_get_detection_detail_includes_thumbnail" time="0.092" /><testcase classname="tests.backend_test.TestDetection" name="test_get_detection_not_found" time="0.087" /><testcase classname="tests.backend_test.TestDetection" name="test_analytics_summary" time="0.095" /></testsuite></testsuites>